{"/mnt/ione-workspace/proyectos/portfolio/src/components/Contact.tsx": {"path":"/mnt/ione-workspace/proyectos/portfolio/src/components/Contact.tsx","statementMap":{"0":{"start":{"line":6,"column":30},"end":{"line":10,"column":null}},"1":{"start":{"line":11,"column":38},"end":{"line":11,"column":null}},"2":{"start":{"line":12,"column":36},"end":{"line":12,"column":null}},"3":{"start":{"line":14,"column":23},"end":{"line":47,"column":null}},"4":{"start":{"line":15,"column":4},"end":{"line":15,"column":null}},"5":{"start":{"line":17,"column":4},"end":{"line":17,"column":null}},"6":{"start":{"line":17,"column":64},"end":{"line":17,"column":null}},"7":{"start":{"line":19,"column":4},"end":{"line":19,"column":null}},"8":{"start":{"line":21,"column":4},"end":{"line":44,"column":null}},"9":{"start":{"line":22,"column":23},"end":{"line":35,"column":null}},"10":{"start":{"line":37,"column":6},"end":{"line":41,"column":null}},"11":{"start":{"line":38,"column":8},"end":{"line":38,"column":null}},"12":{"start":{"line":39,"column":8},"end":{"line":39,"column":null}},"13":{"start":{"line":40,"column":8},"end":{"line":40,"column":null}},"14":{"start":{"line":40,"column":25},"end":{"line":40,"column":48}},"15":{"start":{"line":43,"column":6},"end":{"line":43,"column":null}},"16":{"start":{"line":46,"column":4},"end":{"line":46,"column":null}},"17":{"start":{"line":49,"column":2},"end":{"line":161,"column":null}},"18":{"start":{"line":92,"column":33},"end":{"line":92,"column":null}},"19":{"start":{"line":108,"column":33},"end":{"line":108,"column":null}},"20":{"start":{"line":123,"column":33},"end":{"line":123,"column":null}}},"fnMap":{"0":{"name":"Contact","decl":{"start":{"line":5,"column":16},"end":{"line":5,"column":26}},"loc":{"start":{"line":5,"column":26},"end":{"line":163,"column":null}},"line":5},"1":{"name":"(anonymous_1)","decl":{"start":{"line":14,"column":23},"end":{"line":14,"column":30}},"loc":{"start":{"line":14,"column":47},"end":{"line":47,"column":null}},"line":14},"2":{"name":"(anonymous_2)","decl":{"start":{"line":40,"column":19},"end":{"line":40,"column":25}},"loc":{"start":{"line":40,"column":25},"end":{"line":40,"column":48}},"line":40},"3":{"name":"(anonymous_3)","decl":{"start":{"line":92,"column":26},"end":{"line":92,"column":27}},"loc":{"start":{"line":92,"column":33},"end":{"line":92,"column":null}},"line":92},"4":{"name":"(anonymous_4)","decl":{"start":{"line":108,"column":26},"end":{"line":108,"column":27}},"loc":{"start":{"line":108,"column":33},"end":{"line":108,"column":null}},"line":108},"5":{"name":"(anonymous_5)","decl":{"start":{"line":123,"column":26},"end":{"line":123,"column":27}},"loc":{"start":{"line":123,"column":33},"end":{"line":123,"column":null}},"line":123}},"branchMap":{"0":{"loc":{"start":{"line":17,"column":4},"end":{"line":17,"column":null}},"type":"if","locations":[{"start":{"line":17,"column":4},"end":{"line":17,"column":null}},{"start":{},"end":{}}],"line":17},"1":{"loc":{"start":{"line":17,"column":8},"end":{"line":17,"column":64}},"type":"binary-expr","locations":[{"start":{"line":17,"column":8},"end":{"line":17,"column":26}},{"start":{"line":17,"column":26},"end":{"line":17,"column":45}},{"start":{"line":17,"column":45},"end":{"line":17,"column":64}}],"line":17},"2":{"loc":{"start":{"line":37,"column":6},"end":{"line":41,"column":null}},"type":"if","locations":[{"start":{"line":37,"column":6},"end":{"line":41,"column":null}},{"start":{},"end":{}}],"line":37},"3":{"loc":{"start":{"line":136,"column":15},"end":{"line":145,"column":null}},"type":"cond-expr","locations":[{"start":{"line":137,"column":16},"end":{"line":143,"column":null}},{"start":{"line":145,"column":16},"end":{"line":145,"column":null}}],"line":136},"4":{"loc":{"start":{"line":150,"column":13},"end":{"line":156,"column":null}},"type":"binary-expr","locations":[{"start":{"line":150,"column":13},"end":{"line":150,"column":null}},{"start":{"line":151,"column":14},"end":{"line":156,"column":null}}],"line":150}},"s":{"0":307,"1":307,"2":307,"3":307,"4":3,"5":3,"6":0,"7":3,"8":3,"9":3,"10":3,"11":3,"12":3,"13":3,"14":0,"15":0,"16":3,"17":307,"18":56,"19":98,"20":111},"f":{"0":307,"1":3,"2":0,"3":56,"4":98,"5":111},"b":{"0":[0,3],"1":[3,3,3],"2":[3,0],"3":[3,304],"4":[307,3]},"meta":{"lastBranch":5,"lastFunction":6,"lastStatement":21,"seen":{"f:5:16:5:26":0,"s:6:30:10:Infinity":0,"s:11:38:11:Infinity":1,"s:12:36:12:Infinity":2,"s:14:23:47:Infinity":3,"f:14:23:14:30":1,"s:15:4:15:Infinity":4,"b:17:4:17:Infinity:undefined:undefined:undefined:undefined":0,"s:17:4:17:Infinity":5,"b:17:8:17:26:17:26:17:45:17:45:17:64":1,"s:17:64:17:Infinity":6,"s:19:4:19:Infinity":7,"s:21:4:44:Infinity":8,"s:22:23:35:Infinity":9,"b:37:6:41:Infinity:undefined:undefined:undefined:undefined":2,"s:37:6:41:Infinity":10,"s:38:8:38:Infinity":11,"s:39:8:39:Infinity":12,"s:40:8:40:Infinity":13,"f:40:19:40:25":2,"s:40:25:40:48":14,"s:43:6:43:Infinity":15,"s:46:4:46:Infinity":16,"s:49:2:161:Infinity":17,"f:92:26:92:27":3,"s:92:33:92:Infinity":18,"f:108:26:108:27":4,"s:108:33:108:Infinity":19,"f:123:26:123:27":5,"s:123:33:123:Infinity":20,"b:137:16:143:Infinity:145:16:145:Infinity":3,"b:150:13:150:Infinity:151:14:156:Infinity":4}}}
,"/mnt/ione-workspace/proyectos/portfolio/src/components/Footer.tsx": {"path":"/mnt/ione-workspace/proyectos/portfolio/src/components/Footer.tsx","statementMap":{"0":{"start":{"line":3,"column":2},"end":{"line":37,"column":null}}},"fnMap":{"0":{"name":"Footer","decl":{"start":{"line":2,"column":16},"end":{"line":2,"column":25}},"loc":{"start":{"line":2,"column":25},"end":{"line":39,"column":null}},"line":2}},"branchMap":{},"s":{"0":0},"f":{"0":0},"b":{},"meta":{"lastBranch":0,"lastFunction":1,"lastStatement":1,"seen":{"f:2:16:2:25":0,"s:3:2:37:Infinity":0}}}
,"/mnt/ione-workspace/proyectos/portfolio/src/components/Hero.tsx": {"path":"/mnt/ione-workspace/proyectos/portfolio/src/components/Hero.tsx","statementMap":{"0":{"start":{"line":3,"column":2},"end":{"line":93,"column":null}}},"fnMap":{"0":{"name":"Hero","decl":{"start":{"line":2,"column":16},"end":{"line":2,"column":23}},"loc":{"start":{"line":2,"column":23},"end":{"line":95,"column":null}},"line":2}},"branchMap":{},"s":{"0":0},"f":{"0":0},"b":{},"meta":{"lastBranch":0,"lastFunction":1,"lastStatement":1,"seen":{"f:2:16:2:23":0,"s:3:2:93:Infinity":0}}}
,"/mnt/ione-workspace/proyectos/portfolio/src/components/Navbar.tsx": {"path":"/mnt/ione-workspace/proyectos/portfolio/src/components/Navbar.tsx","statementMap":{"0":{"start":{"line":3,"column":2},"end":{"line":47,"column":null}}},"fnMap":{"0":{"name":"Navbar","decl":{"start":{"line":2,"column":16},"end":{"line":2,"column":25}},"loc":{"start":{"line":2,"column":25},"end":{"line":49,"column":null}},"line":2}},"branchMap":{},"s":{"0":0},"f":{"0":0},"b":{},"meta":{"lastBranch":0,"lastFunction":1,"lastStatement":1,"seen":{"f:2:16:2:25":0,"s:3:2:47:Infinity":0}}}
,"/mnt/ione-workspace/proyectos/portfolio/src/components/Projects.tsx": {"path":"/mnt/ione-workspace/proyectos/portfolio/src/components/Projects.tsx","statementMap":{"0":{"start":{"line":10,"column":2},"end":{"line":43,"column":null}},"1":{"start":{"line":24,"column":12},"end":{"line":29,"column":null}},"2":{"start":{"line":49,"column":2},"end":{"line":74,"column":null}}},"fnMap":{"0":{"name":"ProjectCard","decl":{"start":{"line":9,"column":9},"end":{"line":9,"column":21}},"loc":{"start":{"line":9,"column":79},"end":{"line":45,"column":null}},"line":9},"1":{"name":"(anonymous_1)","decl":{"start":{"line":23,"column":25},"end":{"line":23,"column":26}},"loc":{"start":{"line":24,"column":12},"end":{"line":29,"column":null}},"line":24},"2":{"name":"Projects","decl":{"start":{"line":48,"column":16},"end":{"line":48,"column":27}},"loc":{"start":{"line":48,"column":27},"end":{"line":76,"column":null}},"line":48}},"branchMap":{},"s":{"0":0,"1":0,"2":0},"f":{"0":0,"1":0,"2":0},"b":{},"meta":{"lastBranch":0,"lastFunction":3,"lastStatement":3,"seen":{"f:9:9:9:21":0,"s:10:2:43:Infinity":0,"f:23:25:23:26":1,"s:24:12:29:Infinity":1,"f:48:16:48:27":2,"s:49:2:74:Infinity":2}}}
}
